<?xml version="1.0" encoding="utf-8"?><testsuites name="pytest tests"><testsuite name="pytest" errors="0" failures="7" skipped="4" tests="11" time="1.670" timestamp="2026-02-13T16:37:01.219696+00:00" hostname="agent-env-3bdb3379-3621-43a7-947b-07abbf5b3cb6"><testcase classname="backend.tests.test_new_features.TestColoniesAPI" name="test_get_colonies_returns_list" time="0.705"><failure message="AssertionError: Expected 200, got 401: {&quot;detail&quot;:&quot;Invalid token&quot;}&#10;assert 401 == 200&#10; +  where 401 = &lt;Response [401]&gt;.status_code">backend/tests/test_new_features.py:50: in test_get_colonies_returns_list
    assert response.status_code == 200, f"Expected 200, got {response.status_code}: {response.text}"
E   AssertionError: Expected 200, got 401: {"detail":"Invalid token"}
E   assert 401 == 200
E    +  where 401 = &lt;Response [401]&gt;.status_code</failure></testcase><testcase classname="backend.tests.test_new_features.TestBlockAssignColonies" name="test_block_assign_requires_colonies_and_employees" time="0.092"><failure message="AssertionError: Expected 400 for empty colonies, got 401&#10;assert 401 == 400&#10; +  where 401 = &lt;Response [401]&gt;.status_code">backend/tests/test_new_features.py:72: in test_block_assign_requires_colonies_and_employees
    assert response.status_code == 400, f"Expected 400 for empty colonies, got {response.status_code}"
E   AssertionError: Expected 400 for empty colonies, got 401
E   assert 401 == 400
E    +  where 401 = &lt;Response [401]&gt;.status_code</failure></testcase><testcase classname="backend.tests.test_new_features.TestBlockAssignColonies" name="test_block_assign_with_valid_data" time="0.065"><skipped type="pytest.skip" message="No colonies available for testing">/app/backend/tests/test_new_features.py:88: No colonies available for testing</skipped></testcase><testcase classname="backend.tests.test_new_features.TestBlockUnassignColonies" name="test_block_unassign_requires_colonies" time="0.070"><failure message="AssertionError: Expected 400 for empty colonies, got 401&#10;assert 401 == 400&#10; +  where 401 = &lt;Response [401]&gt;.status_code">backend/tests/test_new_features.py:118: in test_block_unassign_requires_colonies
    assert response.status_code == 400, f"Expected 400 for empty colonies, got {response.status_code}"
E   AssertionError: Expected 400 for empty colonies, got 401
E   assert 401 == 400
E    +  where 401 = &lt;Response [401]&gt;.status_code</failure></testcase><testcase classname="backend.tests.test_new_features.TestBlockUnassignColonies" name="test_block_unassign_with_valid_data" time="0.056"><skipped type="pytest.skip" message="No colonies available for testing">/app/backend/tests/test_new_features.py:127: No colonies available for testing</skipped></testcase><testcase classname="backend.tests.test_new_features.TestOldPhotoUploadAPI" name="test_upload_old_photos_rejects_non_excel" time="0.145"><failure message="AssertionError: Expected 400 for non-Excel file, got 401&#10;assert 401 == 400&#10; +  where 401 = &lt;Response [401]&gt;.status_code">backend/tests/test_new_features.py:158: in test_upload_old_photos_rejects_non_excel
    assert response.status_code == 400, f"Expected 400 for non-Excel file, got {response.status_code}"
E   AssertionError: Expected 400 for non-Excel file, got 401
E   assert 401 == 400
E    +  where 401 = &lt;Response [401]&gt;.status_code</failure></testcase><testcase classname="backend.tests.test_new_features.TestBillsExportExcel" name="test_export_excel_returns_xlsx" time="0.136"><failure message="AssertionError: Expected 200, got 401: {&quot;detail&quot;:&quot;Invalid token&quot;}&#10;assert 401 == 200&#10; +  where 401 = &lt;Response [401]&gt;.status_code">backend/tests/test_new_features.py:179: in test_export_excel_returns_xlsx
    assert response.status_code == 200, f"Expected 200, got {response.status_code}: {response.text}"
E   AssertionError: Expected 200, got 401: {"detail":"Invalid token"}
E   assert 401 == 200
E    +  where 401 = &lt;Response [401]&gt;.status_code</failure></testcase><testcase classname="backend.tests.test_new_features.TestDuplicatePrevention" name="test_duplicate_property_id_check" time="0.066"><skipped type="pytest.skip" message="No bills available for duplicate test">/app/backend/tests/test_new_features.py:202: No bills available for duplicate test</skipped></testcase><testcase classname="backend.tests.test_new_features.TestMapEndpoint" name="test_map_properties_endpoint" time="0.053"><failure message="AssertionError: Expected 200, got 401: {&quot;detail&quot;:&quot;Invalid token&quot;}&#10;assert 401 == 200&#10; +  where 401 = &lt;Response [401]&gt;.status_code">backend/tests/test_new_features.py:226: in test_map_properties_endpoint
    assert response.status_code == 200, f"Expected 200, got {response.status_code}: {response.text}"
E   AssertionError: Expected 200, got 401: {"detail":"Invalid token"}
E   assert 401 == 200
E    +  where 401 = &lt;Response [401]&gt;.status_code</failure></testcase><testcase classname="backend.tests.test_new_features.TestMapEndpoint" name="test_map_colonies_endpoint" time="0.063"><failure message="AssertionError: Expected 200, got 401: {&quot;detail&quot;:&quot;Invalid token&quot;}&#10;assert 401 == 200&#10; +  where 401 = &lt;Response [401]&gt;.status_code">backend/tests/test_new_features.py:235: in test_map_colonies_endpoint
    assert response.status_code == 200, f"Expected 200, got {response.status_code}: {response.text}"
E   AssertionError: Expected 200, got 401: {"detail":"Invalid token"}
E   assert 401 == 200
E    +  where 401 = &lt;Response [401]&gt;.status_code</failure></testcase><testcase classname="backend.tests.test_new_features.TestSurveyEndpoints" name="test_property_has_photo_url_field" time="0.063"><skipped type="pytest.skip" message="No properties available for photo_url test">/app/backend/tests/test_new_features.py:250: No properties available for photo_url test</skipped></testcase></testsuite></testsuites>