<?xml version="1.0" encoding="utf-8"?><testsuites name="pytest tests"><testsuite name="pytest" errors="0" failures="0" skipped="0" tests="11" time="2.960" timestamp="2026-02-06T02:38:22.635103+00:00" hostname="agent-env-99d4f6a0-ba5f-4d4d-86af-c9e979b89ec3"><testcase classname="backend.tests.test_multitown.TestMultiTenantTowns" name="test_towns_list_public" time="0.069" /><testcase classname="backend.tests.test_multitown.TestMultiTenantTowns" name="test_towns_admin_manage" time="0.281" /><testcase classname="backend.tests.test_multitown.TestMultiTenantTowns" name="test_dashboard_thanesar" time="0.275" /><testcase classname="backend.tests.test_multitown.TestMultiTenantTowns" name="test_dashboard_xyz" time="0.318" /><testcase classname="backend.tests.test_multitown.TestMultiTenantTowns" name="test_properties_thanesar" time="0.276" /><testcase classname="backend.tests.test_multitown.TestMultiTenantTowns" name="test_properties_xyz" time="0.273" /><testcase classname="backend.tests.test_multitown.TestMultiTenantTowns" name="test_submissions_thanesar" time="0.278" /><testcase classname="backend.tests.test_multitown.TestMultiTenantTowns" name="test_submissions_xyz" time="0.268" /><testcase classname="backend.tests.test_multitown.TestMultiTenantTowns" name="test_users_global" time="0.336" /><testcase classname="backend.tests.test_multitown.TestLoginFlow" name="test_login_returns_accessible_towns" time="0.261" /><testcase classname="backend.tests.test_multitown.TestLoginFlow" name="test_login_admin_credentials" time="0.261" /></testsuite></testsuites>