<?xml version="1.0" encoding="utf-8"?><testsuites name="pytest tests"><testsuite name="pytest" errors="0" failures="0" skipped="0" tests="10" time="4.712" timestamp="2026-03-19T02:58:50.699560+00:00" hostname="agent-env-17dc8d8e-2a27-4ec7-a512-a608ba917d98"><testcase classname="backend.tests.test_three_fixes.TestThreeBugFixes" name="test_auto_complete_endpoint_exists" time="1.343" /><testcase classname="backend.tests.test_three_fixes.TestThreeBugFixes" name="test_verify_property_use_mapping_logic_in_code" time="0.001" /><testcase classname="backend.tests.test_three_fixes.TestThreeBugFixes" name="test_check_existing_submissions_have_various_property_use" time="0.152" /><testcase classname="backend.tests.test_three_fixes.TestThreeBugFixes" name="test_verify_excel_export_base_url_in_code" time="0.002" /><testcase classname="backend.tests.test_three_fixes.TestThreeBugFixes" name="test_excel_export_photo_urls" time="1.157" /><testcase classname="backend.tests.test_three_fixes.TestThreeBugFixes" name="test_verify_pdf_export_fields_in_code" time="0.001" /><testcase classname="backend.tests.test_three_fixes.TestThreeBugFixes" name="test_pdf_export_endpoint" time="1.354" /><testcase classname="backend.tests.test_three_fixes.TestThreeBugFixes" name="test_pdf_export_date_format" time="0.001" /><testcase classname="backend.tests.test_three_fixes.TestDashboardAfterChanges" name="test_dashboard_loads" time="0.475" /><testcase classname="backend.tests.test_three_fixes.TestDashboardAfterChanges" name="test_submission_stats" time="0.122" /></testsuite></testsuites>