<?xml version="1.0" encoding="utf-8"?><testsuites name="pytest tests"><testsuite name="pytest" errors="0" failures="0" skipped="0" tests="8" time="3.719" timestamp="2026-06-07T05:07:49.989181+00:00" hostname="agent-env-e248ae32-416b-418f-acda-1cc5aa64d0ab"><testcase classname="backend.tests.test_p0_bugs.TestAdminLogin" name="test_admin_login_success" time="0.464" /><testcase classname="backend.tests.test_p0_bugs.TestAdminLogin" name="test_admin_login_wrong_password" time="0.332" /><testcase classname="backend.tests.test_p0_bugs.TestMapProperties" name="test_map_properties_with_colony_bajigar_dera" time="0.490" /><testcase classname="backend.tests.test_p0_bugs.TestMapProperties" name="test_map_properties_all_areas" time="0.444" /><testcase classname="backend.tests.test_p0_bugs.TestEmployeeProgress" name="test_employee_progress_has_overall_completed" time="0.461" /><testcase classname="backend.tests.test_p0_bugs.TestEmployeeProgress" name="test_employee_progress_sorted_by_overall" time="0.448" /><testcase classname="backend.tests.test_p0_bugs.TestPDFUpload" name="test_pdf_upload_endpoint_exists" time="0.475" /><testcase classname="backend.tests.test_p0_bugs.TestColoniesAPI" name="test_colonies_list" time="0.497" /></testsuite></testsuites>