<?xml version="1.0" encoding="utf-8"?><testsuites name="pytest tests"><testsuite name="pytest" errors="0" failures="0" skipped="0" tests="11" time="5.218" timestamp="2026-02-13T16:37:19.875828+00:00" hostname="agent-env-3bdb3379-3621-43a7-947b-07abbf5b3cb6"><testcase classname="backend.tests.test_new_features.TestColoniesAPI" name="test_get_colonies_returns_list" time="0.725" /><testcase classname="backend.tests.test_new_features.TestBlockAssignColonies" name="test_block_assign_requires_colonies_and_employees" time="0.344" /><testcase classname="backend.tests.test_new_features.TestBlockAssignColonies" name="test_block_assign_with_valid_data" time="0.263" /><testcase classname="backend.tests.test_new_features.TestBlockUnassignColonies" name="test_block_unassign_requires_colonies" time="0.062" /><testcase classname="backend.tests.test_new_features.TestBlockUnassignColonies" name="test_block_unassign_with_valid_data" time="0.162" /><testcase classname="backend.tests.test_new_features.TestOldPhotoUploadAPI" name="test_upload_old_photos_rejects_non_excel" time="0.157" /><testcase classname="backend.tests.test_new_features.TestBillsExportExcel" name="test_export_excel_returns_xlsx" time="1.486" /><testcase classname="backend.tests.test_new_features.TestDuplicatePrevention" name="test_duplicate_property_id_check" time="1.637" /><testcase classname="backend.tests.test_new_features.TestMapEndpoint" name="test_map_properties_endpoint" time="0.138" /><testcase classname="backend.tests.test_new_features.TestMapEndpoint" name="test_map_colonies_endpoint" time="0.109" /><testcase classname="backend.tests.test_new_features.TestSurveyEndpoints" name="test_property_has_photo_url_field" time="0.071" /></testsuite></testsuites>