<?xml version="1.0" encoding="utf-8"?><testsuites name="pytest tests"><testsuite name="pytest" errors="0" failures="0" skipped="0" tests="8" time="3.986" timestamp="2026-03-16T14:44:23.149313+00:00" hostname="agent-env-2f169291-0815-48de-92ab-99f20476e6de"><testcase classname="backend.tests.test_copy_bills_photo_url.TestCopyBillsToProperties" name="test_copy_bills_creates_unique_properties_only" time="0.803" /><testcase classname="backend.tests.test_copy_bills_photo_url.TestSubmissionsPhotoUrl" name="test_submissions_endpoint_accessible" time="0.416" /><testcase classname="backend.tests.test_copy_bills_photo_url.TestSubmissionsPhotoUrl" name="test_submissions_include_property_photo_url_field" time="0.418" /><testcase classname="backend.tests.test_copy_bills_photo_url.TestEmployeePropertiesPhotoUrl" name="test_employee_properties_endpoint_accessible" time="0.485" /><testcase classname="backend.tests.test_copy_bills_photo_url.TestEmployeePropertiesPhotoUrl" name="test_employee_properties_include_photo_url_field" time="0.419" /><testcase classname="backend.tests.test_copy_bills_photo_url.TestCopyBillsDuplicateLogic" name="test_copy_endpoint_form_data_format" time="0.478" /><testcase classname="backend.tests.test_copy_bills_photo_url.TestCopyBillsDuplicateLogic" name="test_copy_endpoint_with_colony_filter" time="0.410" /><testcase classname="backend.tests.test_copy_bills_photo_url.TestPropertyPhotoUrlIntegration" name="test_verify_photo_url_in_existing_data" time="0.441" /></testsuite></testsuites>