<?xml version="1.0" encoding="utf-8"?><testsuites name="pytest tests"><testsuite name="pytest" errors="0" failures="0" skipped="0" tests="9" time="4.797" timestamp="2026-03-16T20:27:29.173542+00:00" hostname="agent-env-17dc8d8e-2a27-4ec7-a512-a608ba917d98"><testcase classname="tests.test_recent_fixes.TestAuthAndSetup" name="test_admin_login" time="0.420" /><testcase classname="tests.test_recent_fixes.TestAutoCompleteRemarks" name="test_approved_submissions_no_auto_complete_remarks" time="0.518" /><testcase classname="tests.test_recent_fixes.TestAutoCompleteRemarks" name="test_submissions_have_correct_structure" time="0.136" /><testcase classname="tests.test_recent_fixes.TestPropertyLatLongFromBills" name="test_submissions_have_property_coordinates" time="0.526" /><testcase classname="tests.test_recent_fixes.TestPhotoURLHandling" name="test_submissions_include_property_photo_url" time="0.531" /><testcase classname="tests.test_recent_fixes.TestEmployeeUnassignment" name="test_unassign_bulk_endpoint_exists" time="1.446" /><testcase classname="tests.test_recent_fixes.TestEmployeeUnassignment" name="test_employee_colonies_endpoint" time="0.339" /><testcase classname="tests.test_recent_fixes.TestEmployeeUnassignment" name="test_remove_from_colony_endpoint_exists" time="0.291" /><testcase classname="tests.test_recent_fixes.TestGPSLocationDisplay" name="test_submissions_have_all_location_fields" time="0.531" /></testsuite></testsuites>