<?xml version="1.0" encoding="utf-8"?><testsuites name="pytest tests"><testsuite name="pytest" errors="0" failures="0" skipped="0" tests="14" time="2.375" timestamp="2026-03-17T07:35:08.118077+00:00" hostname="agent-env-17dc8d8e-2a27-4ec7-a512-a608ba917d98"><testcase classname="tests.test_dashboard_redesign.TestAdminLogin" name="test_admin_login_success" time="0.360" /><testcase classname="tests.test_dashboard_redesign.TestAdminLogin" name="test_towns_list" time="0.103" /><testcase classname="tests.test_dashboard_redesign.TestDashboardAPI" name="test_dashboard_returns_category_breakdown" time="0.450" /><testcase classname="tests.test_dashboard_redesign.TestDashboardAPI" name="test_dashboard_returns_owner_na_count" time="0.118" /><testcase classname="tests.test_dashboard_redesign.TestDashboardAPI" name="test_dashboard_returns_mobile_na_count" time="0.126" /><testcase classname="tests.test_dashboard_redesign.TestDashboardAPI" name="test_dashboard_returns_total_properties" time="0.119" /><testcase classname="tests.test_dashboard_redesign.TestDashboardAPI" name="test_dashboard_returns_pending_properties" time="0.129" /><testcase classname="tests.test_dashboard_redesign.TestDashboardAPI" name="test_dashboard_returns_colonies_count" time="0.122" /><testcase classname="tests.test_dashboard_redesign.TestDashboardAPI" name="test_dashboard_returns_employee_count" time="0.181" /><testcase classname="tests.test_dashboard_redesign.TestDashboardAPI" name="test_dashboard_full_response_structure" time="0.123" /><testcase classname="tests.test_dashboard_redesign.TestSubmissionStats" name="test_submission_stats_endpoint" time="0.114" /><testcase classname="tests.test_dashboard_redesign.TestEmployeeAndAttendance" name="test_employee_progress_endpoint" time="0.125" /><testcase classname="tests.test_dashboard_redesign.TestEmployeeAndAttendance" name="test_attendance_endpoint" time="0.120" /><testcase classname="tests.test_dashboard_redesign.TestDashboardNotContainsApprovedRejectedTop" name="test_dashboard_has_approved_rejected_in_response" time="0.132" /></testsuite></testsuites>