<?xml version="1.0" encoding="utf-8"?><testsuites name="pytest tests"><testsuite name="pytest" errors="0" failures="0" skipped="0" tests="9" time="6.169" timestamp="2026-02-17T03:12:26.187702+00:00" hostname="agent-env-8153bb4e-2a5c-47e8-a1b6-b03c62c96f5d"><testcase classname="backend.tests.test_urgent_fixes.TestSupervisorEmployeeAccess" name="test_admin_can_list_users" time="0.748" /><testcase classname="backend.tests.test_urgent_fixes.TestSupervisorEmployeeAccess" name="test_supervisor_can_list_users" time="1.631" /><testcase classname="backend.tests.test_urgent_fixes.TestSupervisorEmployeeAccess" name="test_surveyor_cannot_list_users" time="0.554" /><testcase classname="backend.tests.test_urgent_fixes.TestApproveRejectSubmissions" name="test_admin_can_approve_submissions" time="0.503" /><testcase classname="backend.tests.test_urgent_fixes.TestApproveRejectSubmissions" name="test_supervisor_role_check" time="0.516" /><testcase classname="backend.tests.test_urgent_fixes.TestApproveRejectSubmissions" name="test_mc_officer_role_check" time="0.499" /><testcase classname="backend.tests.test_urgent_fixes.TestApproveRejectSubmissions" name="test_supervisor_can_access_submissions" time="0.510" /><testcase classname="backend.tests.test_urgent_fixes.TestApproveRejectSubmissions" name="test_mc_officer_can_access_submissions" time="0.584" /><testcase classname="backend.tests.test_urgent_fixes.TestBulkPDFUpload" name="test_pdf_upload_endpoint_exists" time="0.573" /></testsuite></testsuites>